<?xml version="1.0" encoding="UTF-8"?>
<testng-results ignored="0" total="1" passed="1" failed="0" skipped="0">
  <reporter-output>
  </reporter-output>
  <suite started-at="2021-11-28T19:41:35 IST" name="Default suite" finished-at="2021-11-28T19:41:57 IST" duration-ms="22810">
    <groups>
    </groups>
    <test started-at="2021-11-28T19:41:35 IST" name="Default test" finished-at="2021-11-28T19:41:57 IST" duration-ms="22810">
      <class name="com.testng.driver.DriverInitialization">
        <test-method signature="driverSetup()[pri:0, instance:com.testng.driver.DriverInitialization@419c5f1a]" started-at="2021-11-28T19:41:35 IST" name="driverSetup" finished-at="2021-11-28T19:41:57 IST" duration-ms="22750" status="PASS">
          <reporter-output>
          </reporter-output>
        </test-method> <!-- driverSetup -->
      </class> <!-- com.testng.driver.DriverInitialization -->
    </test> <!-- Default test -->
  </suite> <!-- Default suite -->
</testng-results>
